[2026-03-10 14:08:17] SEND to=447385297011 status=200 response={"status":"success","message":"Your message was successfully delivered","data":[{"uid":"69b025d08a056","to":"447385297011","from":"RCUK","message":"Hi","status":"Sent|MT2026031014081654600","cost":"1"}]}
[2026-03-10 14:41:05] SEND to=07385297011 status=200 response={"status":"error","message":"The sender name is blank or invalid. To request a sender ID please contact support."}
[2026-03-10 14:41:21] SEND to=07385297011 status=200 response={"status":"success","message":"Your message was successfully delivered","data":[{"uid":"69b02d90f2383","to":"07385297011","from":"447479274360","message":"Poo","status":"Could not interpret numbers after plus-sign.","cost":"1"}]}
[2026-03-10 15:02:42] SEND to=07385297011 status=200 response={"status":"success","message":"Your message was successfully delivered","data":[{"uid":"69b03291b8acc","to":"07385297011","from":"447479274360","message":"Test","status":"Could not interpret numbers after plus-sign.","cost":"1"}]}
[2026-03-10 15:32:59] SEND to=447385297011 status=200 response={"status":"success","message":"Your message was successfully delivered","data":[{"uid":"69b039ab0357d","to":"447385297011","from":"RCUK","message":"HI","status":"Sent|MT2026031015325899400","cost":"1"}]}
[2026-03-10 15:33:18] SEND to=447385297011 status=200 response={"status":"error","message":"The sender name is blank or invalid. To request a sender ID please contact support."}
[2026-03-10 15:34:04] SEND to=447385297011 status=200 response={"status":"error","message":"The sender name is blank or invalid. To request a sender ID please contact support."}
[2026-03-10 15:50:55] SEND to=447385297011 status=200 response={"status":"error","message":"The sender name is blank or invalid. To request a sender ID please contact support."}
[2026-03-11 12:49:02] SEND to=447385297011 status=200 response={"status":"success","message":"Your message was successfully delivered","data":[{"uid":"69b164bd51ef7","to":"447385297011","from":"RCUK","message":"Hi","status":"Sent|MT2026031112490131400","cost":"1"}]}
[2026-03-11 12:49:03] SEND to=447385297011 status=200 response={"status":"success","message":"Your message was successfully delivered","data":[{"uid":"69b164be92a20","to":"447385297011","from":"RCUK","message":"Hi","status":"Sent|MT2026031112490257300","cost":"1"}]}
[2026-03-11 14:19:28] SEND to=447385297011 status=200 response={"status":"success","message":"Your message was successfully delivered","data":[{"uid":"69b179ef69669","to":"447385297011","from":"447830325955","message":"Test SMS from RCG Live Chat \u2014 sender: 447830325955","status":"Sent|MT2026031114192741200","cost":"1"}]}
[2026-03-11 14:19:29] SEND to=447385297011 status=200 response={"status":"success","message":"Your message was successfully delivered","data":[{"uid":"69b179f0ab47f","to":"447385297011","from":"447479274360","message":"Test SMS from RCG Live Chat \u2014 sender: 447479274360","status":"Sent|MT2026031114192868200","cost":"1"}]}
[2026-03-11 14:19:30] SEND to=447385297011 status=200 response={"status":"success","message":"Your message was successfully delivered","data":[{"uid":"69b179f1a2bcd","to":"447385297011","from":"RCUK","message":"Test SMS from RCG Live Chat \u2014 sender: RCUK","status":"Sent|MT2026031114192964600","cost":"1"}]}
[2026-03-11 14:19:31] SEND to=447385297011 status=200 response={"status":"success","message":"Your message was successfully delivered","data":[{"uid":"69b179f2dc7e9","to":"447385297011","from":"Alfonica","message":"Test SMS from RCG Live Chat \u2014 sender: Alfonica","status":"Sent|MT2026031114193088400","cost":"1"}]}
[2026-03-11 14:19:32] SEND to=447385297011 status=200 response={"status":"success","message":"Your message was successfully delivered","data":[{"uid":"69b179f40e377","to":"447385297011","from":"360Telecoms","message":"Test SMS from RCG Live Chat \u2014 sender: 360Telecoms","status":"Sent|MT2026031114193203700","cost":"1"}]}
[2026-03-11 14:19:33] SEND to=447385297011 status=200 response={"status":"success","message":"Your message was successfully delivered","data":[{"uid":"69b179f529653","to":"447385297011","from":"RCUK Global","message":"Test SMS from RCG Live Chat \u2014 sender: RCUK Global","status":"Sent|MT2026031114193315000","cost":"1"}]}
[2026-03-11 14:19:37] SEND to=447385297011 status=200 response={"status":"success","message":"Your message was successfully delivered","data":[{"uid":"69b179f662ff6","to":"447385297011","from":"CCL","message":"Test SMS from RCG Live Chat \u2014 sender: CCL","status":"Sent|MT2026031114193438600","cost":"1"}]}
[2026-03-11 14:19:38] SEND to=447385297011 status=200 response={"status":"success","message":"Your message was successfully delivered","data":[{"uid":"69b179f98fdcf","to":"447385297011","from":"RCUK Home","message":"Test SMS from RCG Live Chat \u2014 sender: RCUK Home","status":"Sent|MT2026031114193756900","cost":"1"}]}
[2026-03-11 14:19:39] SEND to=447385297011 status=200 response={"status":"success","message":"Your message was successfully delivered","data":[{"uid":"69b179fab64f1","to":"447385297011","from":"RCUKProtect","message":"Test SMS from RCG Live Chat \u2014 sender: RCUKProtect","status":"Sent|MT2026031114193872600","cost":"1"}]}
[2026-04-15 12:06:06] SEND to=447385297011 status=200 response={"status":"success","message":"Your message was successfully delivered","data":[{"uid":"69df7f2e07306","to":"447385297011","from":"447830325955","message":"ff","status":"Sent|MT2026041512060600500","cost":"1"}]}
[2026-04-15 12:09:40] SEND to=447385297011 status=200 response={"status":"success","message":"Your message was successfully delivered","data":[{"uid":"69df80039e1f5","to":"447385297011","from":"RCUK","message":"Test","status":"Sent|MT2026041512093962300","cost":"1"}]}
