[2026-03-03 09:18:10] SEND to=447385297011 status=401 response={"error":{"message":"Error validating access token: Session has expired on Monday, 02-Mar-26 13:00:00 PST. The current time is Tuesday, 03-Mar-26 01:18:09 PST.","type":"OAuthException","code":190,"error_subcode":463,"fbtrace_id":"AYX8VLO4ScvCPpPWeU3ddB7"}}
[2026-03-03 09:21:14] SEND to=447385297011 status=200 response={"messaging_product":"whatsapp","contacts":[{"input":"447385297011","wa_id":"447385297011"}],"messages":[{"id":"wamid.HBgMNDQ3Mzg1Mjk3MDExFQIAERgSMUY0NDNDNzAxQ0Y1ODkwMkRFAA=="}]}
[2026-03-03 09:46:52] SEND to=447385297011 status=200 response={"messaging_product":"whatsapp","contacts":[{"input":"447385297011","wa_id":"447385297011"}],"messages":[{"id":"wamid.HBgMNDQ3Mzg1Mjk3MDExFQIAERgSQTUyRkU3QkMxQTNEMjE4MEEzAA=="}]}
[2026-03-03 09:55:29] SEND to=447385297011 status=200 response={"messaging_product":"whatsapp","contacts":[{"input":"447385297011","wa_id":"447385297011"}],"messages":[{"id":"wamid.HBgMNDQ3Mzg1Mjk3MDExFQIAERgSMTYzNEJCMzdFRUUyRDNBRDE0AA=="}]}
[2026-03-04 11:19:12] SEND to=447385297011 status=200 response={"messaging_product":"whatsapp","contacts":[{"input":"447385297011","wa_id":"447385297011"}],"messages":[{"id":"wamid.HBgMNDQ3Mzg1Mjk3MDExFQIAERgSMjU4OTQ0NEVGODUwMTU3RThBAA=="}]}
[2026-03-04 11:22:05] SEND to=447385297011 status=200 response={"messaging_product":"whatsapp","contacts":[{"input":"447385297011","wa_id":"447385297011"}],"messages":[{"id":"wamid.HBgMNDQ3Mzg1Mjk3MDExFQIAERgSQTc5QTcyNzAwMzFGNTVGQzgxAA=="}]}
[2026-03-04 11:22:11] SEND to=447385297011 status=200 response={"messaging_product":"whatsapp","contacts":[{"input":"447385297011","wa_id":"447385297011"}],"messages":[{"id":"wamid.HBgMNDQ3Mzg1Mjk3MDExFQIAERgSNjUzQzBDMDBERjg2OTY2Q0M1AA=="}]}
[2026-03-04 11:22:16] SEND to=447385297011 status=200 response={"messaging_product":"whatsapp","contacts":[{"input":"447385297011","wa_id":"447385297011"}],"messages":[{"id":"wamid.HBgMNDQ3Mzg1Mjk3MDExFQIAERgSNzZCQTE2RjY2ODc0ODAwQ0Q4AA=="}]}
[2026-03-04 11:25:36] SEND to=447385297011 status=200 response={"messaging_product":"whatsapp","contacts":[{"input":"447385297011","wa_id":"447385297011"}],"messages":[{"id":"wamid.HBgMNDQ3Mzg1Mjk3MDExFQIAERgSNEQ0ODlFRUU0Njc2ODEzM0U4AA=="}]}
[2026-03-04 11:28:08] SEND to=447385297011 status=200 response={"messaging_product":"whatsapp","contacts":[{"input":"447385297011","wa_id":"447385297011"}],"messages":[{"id":"wamid.HBgMNDQ3Mzg1Mjk3MDExFQIAERgSNzQxQzJFRURGMEY1NjAzNEM2AA=="}]}
[2026-03-04 11:36:03] SEND to=447385297011 status=200 response={"messaging_product":"whatsapp","contacts":[{"input":"447385297011","wa_id":"447385297011"}],"messages":[{"id":"wamid.HBgMNDQ3Mzg1Mjk3MDExFQIAERgSQTJDOUZDMTJDRENCQTlGQTJGAA=="}]}
[2026-03-04 11:36:29] SEND to=447385297011 status=200 response={"messaging_product":"whatsapp","contacts":[{"input":"447385297011","wa_id":"447385297011"}],"messages":[{"id":"wamid.HBgMNDQ3Mzg1Mjk3MDExFQIAERgSRkExMENFN0UxMjcwMUNBQzU0AA=="}]}
[2026-03-04 11:36:36] SEND to=447385297011 status=200 response={"messaging_product":"whatsapp","contacts":[{"input":"447385297011","wa_id":"447385297011"}],"messages":[{"id":"wamid.HBgMNDQ3Mzg1Mjk3MDExFQIAERgSQ0REQ0MwQkFFMUNDODY3MEExAA=="}]}
[2026-03-04 14:13:36] SEND to=447385297011 status=401 response={"error":{"message":"Error validating access token: Session has expired on Wednesday, 04-Mar-26 05:00:00 PST. The current time is Wednesday, 04-Mar-26 06:13:36 PST.","type":"OAuthException","code":190,"error_subcode":463,"fbtrace_id":"AIBh6_vvUbvVEWdwFMuVs-z"}}
[2026-03-04 14:14:34] SEND to=447385297011 status=200 response={"messaging_product":"whatsapp","contacts":[{"input":"447385297011","wa_id":"447385297011"}],"messages":[{"id":"wamid.HBgMNDQ3Mzg1Mjk3MDExFQIAERgSNkIzMUI0MDYyQUQ1NkU4NDAyAA=="}]}
[2026-03-04 14:17:57] SEND to=447385297011 status=200 response={"messaging_product":"whatsapp","contacts":[{"input":"447385297011","wa_id":"447385297011"}],"messages":[{"id":"wamid.HBgMNDQ3Mzg1Mjk3MDExFQIAERgSQTNGMzU4MUQ0RThENDNCQ0VBAA=="}]}
[2026-03-04 14:18:12] SEND to=447385297011 status=200 response={"messaging_product":"whatsapp","contacts":[{"input":"447385297011","wa_id":"447385297011"}],"messages":[{"id":"wamid.HBgMNDQ3Mzg1Mjk3MDExFQIAERgSM0RDOTU1NTMzMEJDMkJFM0ExAA=="}]}
[2026-03-04 14:18:33] SEND to=447385297011 status=200 response={"messaging_product":"whatsapp","contacts":[{"input":"447385297011","wa_id":"447385297011"}],"messages":[{"id":"wamid.HBgMNDQ3Mzg1Mjk3MDExFQIAERgSQTYyQTVGMTMwMjQ1RUNBMTcyAA=="}]}
[2026-03-04 14:24:33] SEND to=447385297011 status=200 response={"messaging_product":"whatsapp","contacts":[{"input":"447385297011","wa_id":"447385297011"}],"messages":[{"id":"wamid.HBgMNDQ3Mzg1Mjk3MDExFQIAERgSRDQxRTc0OURDRUVDMjhDRDgwAA=="}]}
[2026-03-04 16:52:34] SEND to=447385297011 status=200 response={"messaging_product":"whatsapp","contacts":[{"input":"447385297011","wa_id":"447385297011"}],"messages":[{"id":"wamid.HBgMNDQ3Mzg1Mjk3MDExFQIAERgSNjNBMjhBODlBNEE5REYwNDFDAA=="}]}
[2026-03-04 18:04:22] SEND to=447385297011 status=200 response={"messaging_product":"whatsapp","contacts":[{"input":"447385297011","wa_id":"447385297011"}],"messages":[{"id":"wamid.HBgMNDQ3Mzg1Mjk3MDExFQIAERgSRERDRjRDRjcwODFDMjBDQjYxAA=="}]}
[2026-03-04 19:36:14] SEND to=447385297011 status=200 response={"messaging_product":"whatsapp","contacts":[{"input":"447385297011","wa_id":"447385297011"}],"messages":[{"id":"wamid.HBgMNDQ3Mzg1Mjk3MDExFQIAERgSMDE2QTZBQzNGMDIwMEU2NDMxAA=="}]}
[2026-03-04 19:49:14] SEND to=447771522952 status=200 response={"messaging_product":"whatsapp","contacts":[{"input":"447771522952","wa_id":"447771522952"}],"messages":[{"id":"wamid.HBgMNDQ3NzcxNTIyOTUyFQIAERgSQTM4QjE1NTU5RjQzREQ5RDYwAA=="}]}
[2026-03-04 19:50:23] SEND to=447771522952 status=200 response={"messaging_product":"whatsapp","contacts":[{"input":"447771522952","wa_id":"447771522952"}],"messages":[{"id":"wamid.HBgMNDQ3NzcxNTIyOTUyFQIAERgSRTY2NENEN0RGRUM2QkM4OTIyAA=="}]}
[2026-03-04 19:50:36] SEND to=447771522952 status=200 response={"messaging_product":"whatsapp","contacts":[{"input":"447771522952","wa_id":"447771522952"}],"messages":[{"id":"wamid.HBgMNDQ3NzcxNTIyOTUyFQIAERgSQTBDNURBMDBERTFCNzRDMTVFAA=="}]}
[2026-03-04 19:51:31] SEND to=447771522952 status=200 response={"messaging_product":"whatsapp","contacts":[{"input":"447771522952","wa_id":"447771522952"}],"messages":[{"id":"wamid.HBgMNDQ3NzcxNTIyOTUyFQIAERgSOEE3NjE4Q0EzNUI5QTMyQTQwAA=="}]}
