[02-Mar-2026 20:00:08 UTC] WA webhook uncaught: SQLSTATE[42S22]: Column not found: 1054 Unknown column 'bot_state' in 'field list' in /Users/RealAcc/Projects/Whatsapp/chat/api/bot/whatsapp.php:20
[03-Mar-2026 09:09:30 UTC] WA webhook uncaught: SQLSTATE[42S22]: Column not found: 1054 Unknown column 'bot_state' in 'field list' in /Users/RealAcc/Projects/Whatsapp/chat/api/bot/whatsapp.php:20
[03-Mar-2026 09:24:16 UTC] WA webhook uncaught: SQLSTATE[42S22]: Column not found: 1054 Unknown column 'bot_state' in 'field list' in /Users/RealAcc/Projects/Whatsapp/chat/api/bot/whatsapp.php:20
[03-Mar-2026 09:25:47 UTC] WA webhook uncaught: SQLSTATE[42S22]: Column not found: 1054 Unknown column 'bot_state' in 'field list' in /Users/RealAcc/Projects/Whatsapp/chat/api/bot/whatsapp.php:20
[03-Mar-2026 09:36:58 UTC] WA webhook uncaught: SQLSTATE[42S22]: Column not found: 1054 Unknown column 'bot_state' in 'field list' in /Users/RealAcc/Projects/Whatsapp/chat/api/bot/whatsapp.php:20
[03-Mar-2026 09:45:07 UTC] WA webhook uncaught: SQLSTATE[42S22]: Column not found: 1054 Unknown column 'bot_state' in 'field list' in /Users/RealAcc/Projects/Whatsapp/chat/api/webhook/whatsapp.php:148
[03-Mar-2026 09:46:45 UTC] PHP Deprecated:  Function curl_close() is deprecated since 8.5, as it has no effect since PHP 8.0 in /Users/RealAcc/Projects/Whatsapp/chat/api/helpers.php on line 346
[03-Mar-2026 09:46:52 UTC] PHP Deprecated:  Function curl_close() is deprecated since 8.5, as it has no effect since PHP 8.0 in /Users/RealAcc/Projects/Whatsapp/chat/api/helpers.php on line 253
[03-Mar-2026 09:55:22 UTC] PHP Deprecated:  Function curl_close() is deprecated since 8.5, as it has no effect since PHP 8.0 in /Users/RealAcc/Projects/Whatsapp/chat/api/helpers.php on line 346
[03-Mar-2026 09:55:29 UTC] PHP Deprecated:  Function curl_close() is deprecated since 8.5, as it has no effect since PHP 8.0 in /Users/RealAcc/Projects/Whatsapp/chat/api/helpers.php on line 253
[04-Mar-2026 11:19:05 UTC] PHP Deprecated:  Function curl_close() is deprecated since 8.5, as it has no effect since PHP 8.0 in /Users/RealAcc/Projects/Whatsapp/chat/api/helpers.php on line 346
[04-Mar-2026 11:19:12 UTC] PHP Deprecated:  Function curl_close() is deprecated since 8.5, as it has no effect since PHP 8.0 in /Users/RealAcc/Projects/Whatsapp/chat/api/helpers.php on line 253
[04-Mar-2026 11:21:48 UTC] PHP Deprecated:  Function curl_close() is deprecated since 8.5, as it has no effect since PHP 8.0 in /Users/RealAcc/Projects/Whatsapp/chat/api/helpers.php on line 346
[04-Mar-2026 11:21:55 UTC] PHP Deprecated:  Function curl_close() is deprecated since 8.5, as it has no effect since PHP 8.0 in /Users/RealAcc/Projects/Whatsapp/chat/api/helpers.php on line 346
[04-Mar-2026 11:21:59 UTC] PHP Deprecated:  Function curl_close() is deprecated since 8.5, as it has no effect since PHP 8.0 in /Users/RealAcc/Projects/Whatsapp/chat/api/helpers.php on line 346
[04-Mar-2026 11:22:05 UTC] PHP Deprecated:  Function curl_close() is deprecated since 8.5, as it has no effect since PHP 8.0 in /Users/RealAcc/Projects/Whatsapp/chat/api/helpers.php on line 253
[04-Mar-2026 11:22:11 UTC] PHP Deprecated:  Function curl_close() is deprecated since 8.5, as it has no effect since PHP 8.0 in /Users/RealAcc/Projects/Whatsapp/chat/api/helpers.php on line 253
[04-Mar-2026 11:22:16 UTC] PHP Deprecated:  Function curl_close() is deprecated since 8.5, as it has no effect since PHP 8.0 in /Users/RealAcc/Projects/Whatsapp/chat/api/helpers.php on line 253
[04-Mar-2026 11:25:33 UTC] PHP Deprecated:  Function curl_close() is deprecated since 8.5, as it has no effect since PHP 8.0 in /Users/RealAcc/Projects/Whatsapp/chat/api/helpers.php on line 346
[04-Mar-2026 11:25:36 UTC] PHP Deprecated:  Function curl_close() is deprecated since 8.5, as it has no effect since PHP 8.0 in /Users/RealAcc/Projects/Whatsapp/chat/api/helpers.php on line 253
[04-Mar-2026 11:28:03 UTC] PHP Deprecated:  Function curl_close() is deprecated since 8.5, as it has no effect since PHP 8.0 in /Users/RealAcc/Projects/Whatsapp/chat/api/helpers.php on line 346
[04-Mar-2026 11:28:08 UTC] PHP Deprecated:  Function curl_close() is deprecated since 8.5, as it has no effect since PHP 8.0 in /Users/RealAcc/Projects/Whatsapp/chat/api/helpers.php on line 253
[04-Mar-2026 11:35:53 UTC] PHP Deprecated:  Function curl_close() is deprecated since 8.5, as it has no effect since PHP 8.0 in /Users/RealAcc/Projects/Whatsapp/chat/api/helpers.php on line 346
[04-Mar-2026 11:36:03 UTC] PHP Deprecated:  Function curl_close() is deprecated since 8.5, as it has no effect since PHP 8.0 in /Users/RealAcc/Projects/Whatsapp/chat/api/helpers.php on line 253
[04-Mar-2026 14:11:14 UTC] PHP Deprecated:  Function curl_close() is deprecated since 8.5, as it has no effect since PHP 8.0 in /Users/RealAcc/Projects/Whatsapp/chat/api/helpers.php on line 346
[04-Mar-2026 14:14:41 UTC] PHP Deprecated:  Function curl_close() is deprecated since 8.5, as it has no effect since PHP 8.0 in /Users/RealAcc/Projects/Whatsapp/chat/api/helpers.php on line 346
[04-Mar-2026 14:17:52 UTC] PHP Deprecated:  Function curl_close() is deprecated since 8.5, as it has no effect since PHP 8.0 in /Users/RealAcc/Projects/Whatsapp/chat/api/helpers.php on line 346
[04-Mar-2026 14:17:57 UTC] PHP Deprecated:  Function curl_close() is deprecated since 8.5, as it has no effect since PHP 8.0 in /Users/RealAcc/Projects/Whatsapp/chat/api/helpers.php on line 253
[04-Mar-2026 16:52:29 UTC] PHP Deprecated:  Function curl_close() is deprecated since 8.5, as it has no effect since PHP 8.0 in /Users/RealAcc/Projects/Whatsapp/chat/api/helpers.php on line 346
[04-Mar-2026 16:52:34 UTC] PHP Deprecated:  Function curl_close() is deprecated since 8.5, as it has no effect since PHP 8.0 in /Users/RealAcc/Projects/Whatsapp/chat/api/helpers.php on line 253
[04-Mar-2026 17:22:37 UTC] WA webhook uncaught: SQLSTATE[42S02]: Base table or view not found: 1146 Table 'chat_db.wa_accounts' doesn't exist in /Users/RealAcc/Projects/Whatsapp/chat/api/webhook/whatsapp.php:74
[04-Mar-2026 17:22:54 UTC] WA webhook uncaught: SQLSTATE[42S02]: Base table or view not found: 1146 Table 'chat_db.wa_accounts' doesn't exist in /Users/RealAcc/Projects/Whatsapp/chat/api/webhook/whatsapp.php:74
[04-Mar-2026 17:23:00 UTC] WA webhook uncaught: SQLSTATE[42S02]: Base table or view not found: 1146 Table 'chat_db.wa_accounts' doesn't exist in /Users/RealAcc/Projects/Whatsapp/chat/api/webhook/whatsapp.php:74
[04-Mar-2026 17:28:23 UTC] PHP Deprecated:  Function curl_close() is deprecated since 8.5, as it has no effect since PHP 8.0 in /Users/RealAcc/Projects/Whatsapp/chat/api/helpers.php on line 371
[04-Mar-2026 18:04:14 UTC] PHP Deprecated:  Function curl_close() is deprecated since 8.5, as it has no effect since PHP 8.0 in /Users/RealAcc/Projects/Whatsapp/chat/api/helpers.php on line 371
[04-Mar-2026 18:04:22 UTC] PHP Deprecated:  Function curl_close() is deprecated since 8.5, as it has no effect since PHP 8.0 in /Users/RealAcc/Projects/Whatsapp/chat/api/helpers.php on line 276
[04-Mar-2026 19:22:14 UTC] WA webhook uncaught: SQLSTATE[42S02]: Base table or view not found: 1146 Table 'chat_db.wa_accounts' doesn't exist in /Users/RealAcc/Projects/Whatsapp/chat/api/webhook/whatsapp.php:41
[04-Mar-2026 19:30:12 UTC] WA webhook uncaught: SQLSTATE[42S22]: Column not found: 1054 Unknown column 'wa_account_id' in 'where clause' in /Users/RealAcc/Projects/Whatsapp/chat/api/webhook/whatsapp.php:179
[04-Mar-2026 19:30:19 UTC] WA webhook uncaught: SQLSTATE[42S22]: Column not found: 1054 Unknown column 'wa_account_id' in 'where clause' in /Users/RealAcc/Projects/Whatsapp/chat/api/webhook/whatsapp.php:179
[04-Mar-2026 19:30:31 UTC] WA webhook uncaught: SQLSTATE[42S22]: Column not found: 1054 Unknown column 'wa_account_id' in 'where clause' in /Users/RealAcc/Projects/Whatsapp/chat/api/webhook/whatsapp.php:179
[04-Mar-2026 19:33:59 UTC] PHP Deprecated:  Function curl_close() is deprecated since 8.5, as it has no effect since PHP 8.0 in /Users/RealAcc/Projects/Whatsapp/chat/api/helpers.php on line 371
[04-Mar-2026 19:49:14 UTC] PHP Deprecated:  Function curl_close() is deprecated since 8.5, as it has no effect since PHP 8.0 in /Users/RealAcc/Projects/Whatsapp/chat/api/helpers.php on line 276
[05-Mar-2026 11:35:45 UTC] PHP Deprecated:  Function curl_close() is deprecated since 8.5, as it has no effect since PHP 8.0 in /Users/RealAcc/Projects/Whatsapp/chat/api/helpers.php on line 276
[05-Mar-2026 11:38:30 UTC] PHP Deprecated:  Function curl_close() is deprecated since 8.5, as it has no effect since PHP 8.0 in /Users/RealAcc/Projects/Whatsapp/chat/api/helpers.php on line 276
[05-Mar-2026 11:40:32 UTC] PHP Deprecated:  Function curl_close() is deprecated since 8.5, as it has no effect since PHP 8.0 in /Users/RealAcc/Projects/Whatsapp/chat/api/helpers.php on line 276
[05-Mar-2026 11:40:51 UTC] PHP Deprecated:  Function curl_close() is deprecated since 8.5, as it has no effect since PHP 8.0 in /Users/RealAcc/Projects/Whatsapp/chat/api/helpers.php on line 276
[05-Mar-2026 11:42:46 UTC] PHP Deprecated:  Function curl_close() is deprecated since 8.5, as it has no effect since PHP 8.0 in /Users/RealAcc/Projects/Whatsapp/chat/api/helpers.php on line 276
[05-Mar-2026 14:49:22 UTC] PHP Deprecated:  Function curl_close() is deprecated since 8.5, as it has no effect since PHP 8.0 in /Users/RealAcc/Projects/Whatsapp/chat/api/helpers.php on line 276
[05-Mar-2026 14:51:19 UTC] PHP Warning:  Undefined array key "QUERY_STRING" in /Users/RealAcc/Projects/Whatsapp/chat/api/webhook/whatsapp.php on line 28
[05-Mar-2026 14:51:21 UTC] PHP Deprecated:  Function curl_close() is deprecated since 8.5, as it has no effect since PHP 8.0 in /Users/RealAcc/Projects/Whatsapp/chat/api/helpers.php on line 276
[05-Mar-2026 14:51:24 UTC] PHP Warning:  Undefined array key "QUERY_STRING" in /Users/RealAcc/Projects/Whatsapp/chat/api/webhook/whatsapp.php on line 28
[05-Mar-2026 14:51:24 UTC] PHP Warning:  Undefined array key "QUERY_STRING" in /Users/RealAcc/Projects/Whatsapp/chat/api/webhook/whatsapp.php on line 28
[05-Mar-2026 14:51:24 UTC] PHP Warning:  Undefined array key "QUERY_STRING" in /Users/RealAcc/Projects/Whatsapp/chat/api/webhook/whatsapp.php on line 28
[05-Mar-2026 14:51:25 UTC] PHP Warning:  Undefined array key "QUERY_STRING" in /Users/RealAcc/Projects/Whatsapp/chat/api/webhook/whatsapp.php on line 28
[05-Mar-2026 14:51:25 UTC] PHP Warning:  Undefined array key "QUERY_STRING" in /Users/RealAcc/Projects/Whatsapp/chat/api/webhook/whatsapp.php on line 28
[05-Mar-2026 14:51:25 UTC] PHP Warning:  Undefined array key "QUERY_STRING" in /Users/RealAcc/Projects/Whatsapp/chat/api/webhook/whatsapp.php on line 28
[11-Mar-2026 12:49:51 UTC] PHP Warning:  Undefined array key "QUERY_STRING" in /Users/RealAcc/Projects/Whatsapp/chat/api/webhook/whatsapp.php on line 28
[11-Mar-2026 12:49:54 UTC] PHP Warning:  Undefined array key "QUERY_STRING" in /Users/RealAcc/Projects/Whatsapp/chat/api/webhook/whatsapp.php on line 28
[11-Mar-2026 12:49:54 UTC] PHP Warning:  Undefined array key "QUERY_STRING" in /Users/RealAcc/Projects/Whatsapp/chat/api/webhook/whatsapp.php on line 28
[11-Mar-2026 12:49:54 UTC] PHP Warning:  Undefined array key "QUERY_STRING" in /Users/RealAcc/Projects/Whatsapp/chat/api/webhook/whatsapp.php on line 28
[11-Mar-2026 12:49:54 UTC] PHP Warning:  Undefined array key "QUERY_STRING" in /Users/RealAcc/Projects/Whatsapp/chat/api/webhook/whatsapp.php on line 28
[11-Mar-2026 12:49:56 UTC] PHP Warning:  Undefined array key "QUERY_STRING" in /Users/RealAcc/Projects/Whatsapp/chat/api/webhook/whatsapp.php on line 28
[11-Mar-2026 12:49:58 UTC] PHP Warning:  Undefined array key "QUERY_STRING" in /Users/RealAcc/Projects/Whatsapp/chat/api/webhook/whatsapp.php on line 28
[11-Mar-2026 12:50:00 UTC] PHP Warning:  Undefined array key "QUERY_STRING" in /Users/RealAcc/Projects/Whatsapp/chat/api/webhook/whatsapp.php on line 28
[11-Mar-2026 12:50:02 UTC] PHP Warning:  Undefined array key "QUERY_STRING" in /Users/RealAcc/Projects/Whatsapp/chat/api/webhook/whatsapp.php on line 28
